<?xml version="1.0" encoding="UTF-8" ?>
<testsuite failures="0" time="0.029" errors="0" skipped="0" tests="13" name="org.displaytag.portlet.PortletHrefTest">
  <properties>
[...]
</properties>
  <testcase time="0.001" classname="org.displaytag.portlet.PortletHrefTest" name="PortletHref Test"/>
  <testcase time="0.002" classname="org.displaytag.portlet.PortletHrefTest" name="PortletHref Test"/>
  <testcase time="0" classname="org.displaytag.portlet.PortletHrefTest" name="PortletHref Test"/>
  <testcase time="0.005" classname="org.displaytag.portlet.PortletHrefTest" name="PortletHref Test"/>
  <testcase time="0" classname="org.displaytag.portlet.PortletHrefTest" name="PortletHref Test"/>
  <testcase time="0.001" classname="org.displaytag.portlet.PortletHrefTest" name="PortletHref Test"/>
  <testcase time="0" classname="org.displaytag.portlet.PortletHrefTest" name="PortletHref Test"/>
  <testcase time="0.001" classname="org.displaytag.portlet.PortletHrefTest" name="PortletHref Test"/>
  <testcase time="0" classname="org.displaytag.portlet.PortletHrefTest" name="PortletHref Test"/>
  <testcase time="0" classname="org.displaytag.portlet.PortletHrefTest" name="PortletHref Test"/>
  <testcase time="0.007" classname="org.displaytag.portlet.PortletHrefTest" name="PortletHref Test"/>
  <testcase time="0.002" classname="org.displaytag.portlet.PortletHrefTest" name="PortletHref Test"/>
  <testcase time="0.001" classname="org.displaytag.portlet.PortletHrefTest" name="PortletHref Test"/>
</testsuite>