<?xml version="1.0" encoding="UTF-8" ?>
<testsuite failures="0" time="0.009" errors="0" skipped="0" tests="3" name="org.displaytag.decorator.TableDecoratorPaginationTest">
  <properties>
[...]
</properties>
  <testcase time="0.003" classname="org.displaytag.decorator.TableDecoratorPaginationTest" name="testSinglePage"/>
  <testcase time="0.002" classname="org.displaytag.decorator.TableDecoratorPaginationTest" name="testFirstPage"/>
  <testcase time="0.002" classname="org.displaytag.decorator.TableDecoratorPaginationTest" name="testSecondPage"/>
</testsuite>